2025-07-05 20:39:31,338 - ERROR - エラー: 指定された入力ファイルが見つかりません: your_input_file.csv
2025-07-05 20:39:51,931 - ERROR - エラー: 指定された入力ファイルが見つかりません: plantsch
2025-07-05 20:40:15,419 - ERROR - エラー: 指定された入力ファイルが見つかりません: ./plantsch
2025-07-05 20:40:48,690 - INFO - 変換開始: 入力ファイル='plantsch BOMつき.csv', 出力ファイル='202507052040_converted_plantsch BOMつき.csv'
2025-07-05 20:40:48,708 - INFO - UTF-8 BOMを除去しました。
2025-07-05 20:40:48,708 - INFO - ファイルは 'utf-8' エンコーディングで正常に読み込まれました。
2025-07-05 20:40:48,716 - INFO - 最終ヘッダーで'利用目的詳細'カラムをインデックス 5 で検出しました。
2025-07-05 20:40:48,716 - INFO - 会議室名検出: '１００１会議室（仙台合同庁舎１０階西／仙台地方振興事務所）'
2025-07-05 20:40:48,717 - INFO - データ行で'利用目的詳細'カラムの値を'×'に設定しました。
2025-07-05 20:40:48,717 - INFO - データ行で'利用目的詳細'カラムの値を'×'に設定しました。
2025-07-05 20:40:48,717 - INFO - データ行で'利用目的詳細'カラムの値を'×'に設定しました。
2025-07-05 20:40:48,717 - INFO - データ行で'利用目的詳細'カラムの値を'×'に設定しました。
2025-07-05 20:40:48,717 - INFO - データ行で'利用目的詳細'カラムの値を'×'に設定しました。
2025-07-05 20:40:48,717 - INFO - データ行で'利用目的詳細'カラムの値を'×'に設定しました。
2025-07-05 20:40:48,717 - INFO - データ行で'利用目的詳細'カラムの値を'×'に設定しました。
2025-07-05 20:40:48,717 - INFO - データ行で'利用目的詳細'カラムの値を'×'に設定しました。
2025-07-05 20:40:48,717 - INFO - データ行で'利用目的詳細'カラムの値を'×'に設定しました。
2025-07-05 20:40:48,717 - INFO - データ行で'利用目的詳細'カラムの値を'×'に設定しました。
2025-07-05 20:40:48,717 - INFO - データ行で'利用目的詳細'カラムの値を'×'に設定しました。
2025-07-05 20:40:48,718 - INFO - データ行で'利用目的詳細'カラムの値を'×'に設定しました。
2025-07-05 20:40:48,718 - INFO - データ行で'利用目的詳細'カラムの値を'×'に設定しました。
2025-07-05 20:40:48,718 - INFO - データ行で'利用目的詳細'カラムの値を'×'に設定しました。
2025-07-05 20:40:48,718 - INFO - データ行で'利用目的詳細'カラムの値を'×'に設定しました。
2025-07-05 20:40:48,718 - INFO - データ行で'利用目的詳細'カラムの値を'×'に設定しました。
2025-07-05 20:40:48,718 - INFO - データ行で'利用目的詳細'カラムの値を'×'に設定しました。
2025-07-05 20:40:48,718 - INFO - 会議室名検出: '１００２会議室（仙台合同庁舎１０階西／仙台地方振興事務所）'
2025-07-05 20:40:48,718 - INFO - データ行で'利用目的詳細'カラムの値を'×'に設定しました。
2025-07-05 20:40:48,718 - INFO - データ行で'利用目的詳細'カラムの値を'×'に設定しました。
2025-07-05 20:40:48,718 - INFO - データ行で'利用目的詳細'カラムの値を'×'に設定しました。
2025-07-05 20:40:48,718 - INFO - データ行で'利用目的詳細'カラムの値を'×'に設定しました。
2025-07-05 20:40:48,718 - INFO - データ行で'利用目的詳細'カラムの値を'×'に設定しました。
2025-07-05 20:40:48,719 - INFO - データ行で'利用目的詳細'カラムの値を'×'に設定しました。
2025-07-05 20:40:48,719 - INFO - データ行で'利用目的詳細'カラムの値を'×'に設定しました。
2025-07-05 20:40:48,719 - INFO - データ行で'利用目的詳細'カラムの値を'×'に設定しました。
2025-07-05 20:40:48,719 - INFO - データ行で'利用目的詳細'カラムの値を'×'に設定しました。
2025-07-05 20:40:48,719 - INFO - データ行で'利用目的詳細'カラムの値を'×'に設定しました。
2025-07-05 20:40:48,719 - INFO - データ行で'利用目的詳細'カラムの値を'×'に設定しました。
2025-07-05 20:40:48,719 - INFO - データ行で'利用目的詳細'カラムの値を'×'に設定しました。
2025-07-05 20:40:48,719 - INFO - データ行で'利用目的詳細'カラムの値を'×'に設定しました。
2025-07-05 20:40:48,719 - INFO - データ行で'利用目的詳細'カラムの値を'×'に設定しました。
2025-07-05 20:40:48,719 - INFO - データ行で'利用目的詳細'カラムの値を'×'に設定しました。
2025-07-05 20:40:48,719 - INFO - データ行で'利用目的詳細'カラムの値を'×'に設定しました。
2025-07-05 20:40:48,719 - INFO - 会議室名検出: '１００３会議室（仙台合同庁舎１０階西／仙台地方振興事務所）'
2025-07-05 20:40:48,720 - INFO - データ行で'利用目的詳細'カラムの値を'×'に設定しました。
2025-07-05 20:40:48,720 - INFO - データ行で'利用目的詳細'カラムの値を'×'に設定しました。
2025-07-05 20:40:48,720 - INFO - データ行で'利用目的詳細'カラムの値を'×'に設定しました。
2025-07-05 20:40:48,720 - INFO - データ行で'利用目的詳細'カラムの値を'×'に設定しました。
2025-07-05 20:40:48,720 - INFO - データ行で'利用目的詳細'カラムの値を'×'に設定しました。
2025-07-05 20:40:48,720 - INFO - データ行で'利用目的詳細'カラムの値を'×'に設定しました。
2025-07-05 20:40:48,721 - INFO - データ行で'利用目的詳細'カラムの値を'×'に設定しました。
2025-07-05 20:40:48,721 - INFO - データ行で'利用目的詳細'カラムの値を'×'に設定しました。
2025-07-05 20:40:48,721 - INFO - データ行で'利用目的詳細'カラムの値を'×'に設定しました。
2025-07-05 20:40:48,721 - INFO - データ行で'利用目的詳細'カラムの値を'×'に設定しました。
2025-07-05 20:40:48,721 - INFO - データ行で'利用目的詳細'カラムの値を'×'に設定しました。
2025-07-05 20:40:48,721 - INFO - データ行で'利用目的詳細'カラムの値を'×'に設定しました。
2025-07-05 20:40:48,721 - INFO - データ行で'利用目的詳細'カラムの値を'×'に設定しました。
2025-07-05 20:40:48,721 - INFO - データ行で'利用目的詳細'カラムの値を'×'に設定しました。
2025-07-05 20:40:48,721 - INFO - 会議室名検出: '６０１会議室（仙台合同庁舎６階東／仙台地方振興事務所）'
2025-07-05 20:40:48,721 - INFO - データ行で'利用目的詳細'カラムの値を'×'に設定しました。
2025-07-05 20:40:48,721 - INFO - データ行で'利用目的詳細'カラムの値を'×'に設定しました。
2025-07-05 20:40:48,721 - INFO - データ行で'利用目的詳細'カラムの値を'×'に設定しました。
2025-07-05 20:40:48,722 - INFO - データ行で'利用目的詳細'カラムの値を'×'に設定しました。
2025-07-05 20:40:48,722 - INFO - データ行で'利用目的詳細'カラムの値を'×'に設定しました。
2025-07-05 20:40:48,722 - INFO - データ行で'利用目的詳細'カラムの値を'×'に設定しました。
2025-07-05 20:40:48,722 - INFO - データ行で'利用目的詳細'カラムの値を'×'に設定しました。
2025-07-05 20:40:48,722 - INFO - データ行で'利用目的詳細'カラムの値を'×'に設定しました。
2025-07-05 20:40:48,722 - INFO - データ行で'利用目的詳細'カラムの値を'×'に設定しました。
2025-07-05 20:40:48,722 - INFO - データ行で'利用目的詳細'カラムの値を'×'に設定しました。
2025-07-05 20:40:48,722 - INFO - データ行で'利用目的詳細'カラムの値を'×'に設定しました。
2025-07-05 20:40:48,723 - INFO - データ行で'利用目的詳細'カラムの値を'×'に設定しました。
2025-07-05 20:40:48,723 - INFO - データ行で'利用目的詳細'カラムの値を'×'に設定しました。
2025-07-05 20:40:48,723 - INFO - データ行で'利用目的詳細'カラムの値を'×'に設定しました。
2025-07-05 20:40:48,723 - INFO - データ行で'利用目的詳細'カラムの値を'×'に設定しました。
2025-07-05 20:40:48,723 - INFO - データ行で'利用目的詳細'カラムの値を'×'に設定しました。
2025-07-05 20:40:48,723 - INFO - データ行で'利用目的詳細'カラムの値を'×'に設定しました。
2025-07-05 20:40:48,723 - INFO - データ行で'利用目的詳細'カラムの値を'×'に設定しました。
2025-07-05 20:40:48,723 - INFO - 会議室名検出: '５０１会議室（仙台合同庁舎５階西／仙台地方振興事務所）'
2025-07-05 20:40:48,723 - INFO - データ行で'利用目的詳細'カラムの値を'×'に設定しました。
2025-07-05 20:40:48,723 - INFO - データ行で'利用目的詳細'カラムの値を'×'に設定しました。
2025-07-05 20:40:48,723 - INFO - データ行で'利用目的詳細'カラムの値を'×'に設定しました。
2025-07-05 20:40:48,724 - INFO - データ行で'利用目的詳細'カラムの値を'×'に設定しました。
2025-07-05 20:40:48,724 - INFO - データ行で'利用目的詳細'カラムの値を'×'に設定しました。
2025-07-05 20:40:48,724 - INFO - データ行で'利用目的詳細'カラムの値を'×'に設定しました。
2025-07-05 20:40:48,724 - INFO - データ行で'利用目的詳細'カラムの値を'×'に設定しました。
2025-07-05 20:40:48,724 - INFO - データ行で'利用目的詳細'カラムの値を'×'に設定しました。
2025-07-05 20:40:48,724 - INFO - データ行で'利用目的詳細'カラムの値を'×'に設定しました。
2025-07-05 20:40:48,724 - INFO - データ行で'利用目的詳細'カラムの値を'×'に設定しました。
2025-07-05 20:40:48,724 - INFO - データ行で'利用目的詳細'カラムの値を'×'に設定しました。
2025-07-05 20:40:48,724 - INFO - データ行で'利用目的詳細'カラムの値を'×'に設定しました。
2025-07-05 20:40:48,724 - INFO - データ行で'利用目的詳細'カラムの値を'×'に設定しました。
2025-07-05 20:40:48,724 - INFO - データ行で'利用目的詳細'カラムの値を'×'に設定しました。
2025-07-05 20:40:48,724 - INFO - データ行で'利用目的詳細'カラムの値を'×'に設定しました。
2025-07-05 20:40:48,725 - INFO - データ行で'利用目的詳細'カラムの値を'×'に設定しました。
2025-07-05 20:40:48,725 - INFO - データ行で'利用目的詳細'カラムの値を'×'に設定しました。
2025-07-05 20:40:48,725 - INFO - データ行で'利用目的詳細'カラムの値を'×'に設定しました。
2025-07-05 20:40:48,725 - INFO - データ行で'利用目的詳細'カラムの値を'×'に設定しました。
2025-07-05 20:40:48,725 - INFO - データ行で'利用目的詳細'カラムの値を'×'に設定しました。
2025-07-05 20:40:48,725 - INFO - データ行で'利用目的詳細'カラムの値を'×'に設定しました。
2025-07-05 20:40:48,725 - INFO - データ行で'利用目的詳細'カラムの値を'×'に設定しました。
2025-07-05 20:40:48,725 - INFO - データ行で'利用目的詳細'カラムの値を'×'に設定しました。
2025-07-05 20:40:48,725 - INFO - データ行で'利用目的詳細'カラムの値を'×'に設定しました。
2025-07-05 20:40:48,725 - INFO - データ行で'利用目的詳細'カラムの値を'×'に設定しました。
2025-07-05 20:40:48,725 - INFO - 会議室名検出: '２０１会議室（仙台合同庁舎２階西／仙台地方振興事務所）'
2025-07-05 20:40:48,725 - INFO - データ行で'利用目的詳細'カラムの値を'×'に設定しました。
2025-07-05 20:40:48,726 - INFO - データ行で'利用目的詳細'カラムの値を'×'に設定しました。
2025-07-05 20:40:48,726 - INFO - データ行で'利用目的詳細'カラムの値を'×'に設定しました。
2025-07-05 20:40:48,726 - INFO - データ行で'利用目的詳細'カラムの値を'×'に設定しました。
2025-07-05 20:40:48,726 - INFO - データ行で'利用目的詳細'カラムの値を'×'に設定しました。
2025-07-05 20:40:48,726 - INFO - データ行で'利用目的詳細'カラムの値を'×'に設定しました。
2025-07-05 20:40:48,726 - INFO - データ行で'利用目的詳細'カラムの値を'×'に設定しました。
2025-07-05 20:40:48,726 - INFO - データ行で'利用目的詳細'カラムの値を'×'に設定しました。
2025-07-05 20:40:48,726 - INFO - データ行で'利用目的詳細'カラムの値を'×'に設定しました。
2025-07-05 20:40:48,726 - INFO - データ行で'利用目的詳細'カラムの値を'×'に設定しました。
2025-07-05 20:40:48,726 - INFO - データ行で'利用目的詳細'カラムの値を'×'に設定しました。
2025-07-05 20:40:48,726 - INFO - データ行で'利用目的詳細'カラムの値を'×'に設定しました。
2025-07-05 20:40:48,727 - INFO - データ行で'利用目的詳細'カラムの値を'×'に設定しました。
2025-07-05 20:40:48,727 - INFO - データ行で'利用目的詳細'カラムの値を'×'に設定しました。
2025-07-05 20:40:48,727 - INFO - データ行で'利用目的詳細'カラムの値を'×'に設定しました。
2025-07-05 20:40:48,727 - INFO - データ行で'利用目的詳細'カラムの値を'×'に設定しました。
2025-07-05 20:40:48,727 - INFO - 会議室名検出: '２０２会議室（仙台合同庁舎２階西／仙台地方振興事務所）'
2025-07-05 20:40:48,727 - INFO - データ行で'利用目的詳細'カラムの値を'×'に設定しました。
2025-07-05 20:40:48,727 - INFO - データ行で'利用目的詳細'カラムの値を'×'に設定しました。
2025-07-05 20:40:48,727 - INFO - データ行で'利用目的詳細'カラムの値を'×'に設定しました。
2025-07-05 20:40:48,727 - INFO - データ行で'利用目的詳細'カラムの値を'×'に設定しました。
2025-07-05 20:40:48,727 - INFO - データ行で'利用目的詳細'カラムの値を'×'に設定しました。
2025-07-05 20:40:48,727 - INFO - データ行で'利用目的詳細'カラムの値を'×'に設定しました。
2025-07-05 20:40:48,727 - INFO - データ行で'利用目的詳細'カラムの値を'×'に設定しました。
2025-07-05 20:40:48,728 - INFO - データ行で'利用目的詳細'カラムの値を'×'に設定しました。
2025-07-05 20:40:48,728 - INFO - データ行で'利用目的詳細'カラムの値を'×'に設定しました。
2025-07-05 20:40:48,728 - INFO - データ行で'利用目的詳細'カラムの値を'×'に設定しました。
2025-07-05 20:40:48,728 - INFO - データ行で'利用目的詳細'カラムの値を'×'に設定しました。
2025-07-05 20:40:48,728 - INFO - データ行で'利用目的詳細'カラムの値を'×'に設定しました。
2025-07-05 20:40:48,728 - INFO - データ行で'利用目的詳細'カラムの値を'×'に設定しました。
2025-07-05 20:40:48,728 - INFO - データ行で'利用目的詳細'カラムの値を'×'に設定しました。
2025-07-05 20:40:48,728 - INFO - 会議室名検出: '２０３（北）会議室（仙台合同庁舎２階東／仙台地方振興事務所）'
2025-07-05 20:40:48,728 - INFO - データ行で'利用目的詳細'カラムの値を'×'に設定しました。
2025-07-05 20:40:48,728 - INFO - データ行で'利用目的詳細'カラムの値を'×'に設定しました。
2025-07-05 20:40:48,728 - INFO - 会議室名検出: '２０３（南）会議室（仙台合同庁舎２階東／仙台地方振興事務所）'
2025-07-05 20:40:48,728 - INFO - データ行で'利用目的詳細'カラムの値を'×'に設定しました。
2025-07-05 20:40:48,728 - INFO - データ行で'利用目的詳細'カラムの値を'×'に設定しました。
2025-07-05 20:40:48,729 - INFO - データ行で'利用目的詳細'カラムの値を'×'に設定しました。
2025-07-05 20:40:48,729 - INFO - データ行で'利用目的詳細'カラムの値を'×'に設定しました。
2025-07-05 20:40:48,729 - INFO - データ行で'利用目的詳細'カラムの値を'×'に設定しました。
2025-07-05 20:40:48,729 - INFO - 会議室名検出: '２０４会議室（仙台合同庁舎２階西／仙台地方振興事務所）'
2025-07-05 20:40:48,729 - INFO - データ行で'利用目的詳細'カラムの値を'×'に設定しました。
2025-07-05 20:40:48,729 - INFO - データ行で'利用目的詳細'カラムの値を'×'に設定しました。
2025-07-05 20:40:48,729 - INFO - データ行で'利用目的詳細'カラムの値を'×'に設定しました。
2025-07-05 20:40:48,729 - INFO - データ行で'利用目的詳細'カラムの値を'×'に設定しました。
2025-07-05 20:40:48,729 - INFO - データ行で'利用目的詳細'カラムの値を'×'に設定しました。
2025-07-05 20:40:48,729 - INFO - データ行で'利用目的詳細'カラムの値を'×'に設定しました。
2025-07-05 20:40:48,729 - INFO - データ行で'利用目的詳細'カラムの値を'×'に設定しました。
2025-07-05 20:40:48,729 - INFO - データ行で'利用目的詳細'カラムの値を'×'に設定しました。
2025-07-05 20:40:48,730 - INFO - データ行で'利用目的詳細'カラムの値を'×'に設定しました。
2025-07-05 20:40:48,730 - INFO - データ行で'利用目的詳細'カラムの値を'×'に設定しました。
2025-07-05 20:40:48,730 - INFO - データ行で'利用目的詳細'カラムの値を'×'に設定しました。
2025-07-05 20:40:48,730 - INFO - データ行で'利用目的詳細'カラムの値を'×'に設定しました。
2025-07-05 20:40:48,730 - INFO - データ行で'利用目的詳細'カラムの値を'×'に設定しました。
2025-07-05 20:40:48,730 - INFO - データ行で'利用目的詳細'カラムの値を'×'に設定しました。
2025-07-05 20:40:48,733 - INFO - 変換が完了しました。出力ファイル: 202507052040_converted_plantsch BOMつき.csv
